Sorted container:
Container is store 500 languages:
It is procedural language: Xwr: the year of creation = 2019; popularity percentage = 50.44; quotient = 673.00

It is procedural language: Fvd: the year of creation = 2018; popularity percentage = 84.52; quotient = 672.67

It is procedural language: Mrw: the year of creation = 2017; popularity percentage = 6.38; quotient = 672.33

It is procedural language: Ycl: the year of creation = 2014; popularity percentage = 50.61; quotient = 671.33

It is procedural language: Etb: the year of creation = 2013; popularity percentage = 88.46; quotient = 671.00

It is procedural language: Naj: the year of creation = 2012; popularity percentage = 16.21; quotient = 670.67

It is procedural language: Rui: the year of creation = 2011; popularity percentage = 65.46; quotient = 670.33

It is procedural language: Tsr: the year of creation = 2009; popularity percentage = 30.73; quotient = 669.67

It is procedural language: Dno: the year of creation = 2008; popularity percentage = 83.72; quotient = 669.33

It is procedural language: Arv: the year of creation = 2007; popularity percentage = 60.97; quotient = 669.00

It is procedural language: Jbo: the year of creation = 2005; popularity percentage = 5.22; quotient = 668.33

It is procedural language: Tgf: the year of creation = 2004; popularity percentage = 27.13; quotient = 668.00

It is procedural language: Eqp: the year of creation = 2003; popularity percentage = 8.84; quotient = 667.67

It is procedural language: Fln: the year of creation = 2002; popularity percentage = 23.56; quotient = 667.33

It is procedural language: Bzh: the year of creation = 2002; popularity percentage = 14.24; quotient = 667.33

It is procedural language: Wcb: the year of creation = 1997; popularity percentage = 43.90; quotient = 665.67

It is procedural language: Cfo: the year of creation = 1997; popularity percentage = 98.72; quotient = 665.67

It is procedural language: Qyj: the year of creation = 1995; popularity percentage = 56.14; quotient = 665.00

It is procedural language: Rss: the year of creation = 1993; popularity percentage = 61.02; quotient = 664.33

It is procedural language: Qws: the year of creation = 1991; popularity percentage = 53.00; quotient = 663.67

It is procedural language: Sva: the year of creation = 1991; popularity percentage = 62.58; quotient = 663.67

It is procedural language: Tbh: the year of creation = 1990; popularity percentage = 34.51; quotient = 663.33

It is procedural language: Qak: the year of creation = 1985; popularity percentage = 98.82; quotient = 661.67

It is procedural language: Vix: the year of creation = 1985; popularity percentage = 0.10; quotient = 661.67

It is procedural language: Pjh: the year of creation = 1985; popularity percentage = 84.91; quotient = 661.67

It is procedural language: Bis: the year of creation = 1984; popularity percentage = 25.11; quotient = 661.33

It is procedural language: Tix: the year of creation = 1984; popularity percentage = 75.94; quotient = 661.33

It is procedural language: Fbk: the year of creation = 1982; popularity percentage = 9.56; quotient = 660.67

It is procedural language: Ptb: the year of creation = 1981; popularity percentage = 64.04; quotient = 660.33

It is procedural language: Awa: the year of creation = 1981; popularity percentage = 9.07; quotient = 660.33

It is procedural language: Kov: the year of creation = 1979; popularity percentage = 75.28; quotient = 659.67

It is procedural language: Nso: the year of creation = 1979; popularity percentage = 83.53; quotient = 659.67

It is procedural language: Cxj: the year of creation = 1977; popularity percentage = 85.80; quotient = 659.00

It is procedural language: Zpr: the year of creation = 1976; popularity percentage = 52.03; quotient = 658.67

It is procedural language: Xat: the year of creation = 1973; popularity percentage = 26.62; quotient = 657.67

It is procedural language: Mba: the year of creation = 1973; popularity percentage = 4.86; quotient = 657.67

It is procedural language: Jct: the year of creation = 1971; popularity percentage = 39.47; quotient = 657.00

It is procedural language: Mwj: the year of creation = 1970; popularity percentage = 81.74; quotient = 656.67

It is procedural language: Asd: the year of creation = 1969; popularity percentage = 15.35; quotient = 656.33

It is procedural language: Ljm: the year of creation = 1968; popularity percentage = 64.69; quotient = 656.00

It is procedural language: Mqo: the year of creation = 1966; popularity percentage = 80.75; quotient = 655.33

It is procedural language: Yuh: the year of creation = 1965; popularity percentage = 83.42; quotient = 655.00

It is procedural language: Zps: the year of creation = 1964; popularity percentage = 34.56; quotient = 654.67

It is procedural language: Vam: the year of creation = 1964; popularity percentage = 92.20; quotient = 654.67

It is procedural language: Khm: the year of creation = 1963; popularity percentage = 86.17; quotient = 654.33

It is procedural language: Doh: the year of creation = 1960; popularity percentage = 19.72; quotient = 653.33

It is procedural language: Exp: the year of creation = 1960; popularity percentage = 44.70; quotient = 653.33

It is procedural language: Lwg: the year of creation = 1959; popularity percentage = 5.02; quotient = 653.00

It is procedural language: Nvq: the year of creation = 1957; popularity percentage = 98.28; quotient = 652.33

It is procedural language: Gie: the year of creation = 1955; popularity percentage = 62.02; quotient = 651.67

It is procedural language: Ijl: the year of creation = 1954; popularity percentage = 17.30; quotient = 651.33

It is procedural language: Ciy: the year of creation = 1953; popularity percentage = 67.63; quotient = 651.00

It is procedural language: Uka: the year of creation = 1951; popularity percentage = 98.32; quotient = 650.33

It is procedural language: Tib: the year of creation = 1949; popularity percentage = 43.47; quotient = 649.67

It is procedural language: Wgh: the year of creation = 1949; popularity percentage = 4.60; quotient = 649.67

It is procedural language: Kom: the year of creation = 1949; popularity percentage = 14.22; quotient = 649.67

It is procedural language: Muj: the year of creation = 1947; popularity percentage = 7.57; quotient = 649.00

It is procedural language: Jrc: the year of creation = 1942; popularity percentage = 57.71; quotient = 647.33

It is procedural language: Ifd: the year of creation = 1942; popularity percentage = 46.46; quotient = 647.33

It is procedural language: Cew: the year of creation = 1940; popularity percentage = 2.13; quotient = 646.67

It is procedural language: Sgt: the year of creation = 1940; popularity percentage = 11.94; quotient = 646.67

It is procedural language: Bhbr: the year of creation = 2020; popularity percentage = 69.41; quotient = 505.00

It is procedural language: Kclv: the year of creation = 2019; popularity percentage = 39.13; quotient = 504.75

It is procedural language: Lxlj: the year of creation = 2018; popularity percentage = 33.83; quotient = 504.50

It is procedural language: Vshh: the year of creation = 2017; popularity percentage = 59.38; quotient = 504.25

It is procedural language: Wziv: the year of creation = 2016; popularity percentage = 38.62; quotient = 504.00

It is procedural language: Cjds: the year of creation = 2013; popularity percentage = 50.31; quotient = 503.25

It is procedural language: Unue: the year of creation = 2009; popularity percentage = 80.01; quotient = 502.25

It is procedural language: Ggwl: the year of creation = 2009; popularity percentage = 93.78; quotient = 502.25

It is procedural language: Tpdq: the year of creation = 2007; popularity percentage = 82.29; quotient = 501.75

It is procedural language: Adgo: the year of creation = 2006; popularity percentage = 41.88; quotient = 501.50

It is procedural language: Hbgc: the year of creation = 2004; popularity percentage = 12.04; quotient = 501.00

It is procedural language: Akrf: the year of creation = 2000; popularity percentage = 47.93; quotient = 500.00

It is procedural language: Ketb: the year of creation = 1996; popularity percentage = 71.85; quotient = 499.00

It is procedural language: Hbsu: the year of creation = 1996; popularity percentage = 88.76; quotient = 499.00

It is procedural language: Gmtf: the year of creation = 1995; popularity percentage = 33.74; quotient = 498.75

It is procedural language: Orli: the year of creation = 1995; popularity percentage = 27.36; quotient = 498.75

It is procedural language: Vect: the year of creation = 1994; popularity percentage = 78.43; quotient = 498.50

It is procedural language: Mtcs: the year of creation = 1993; popularity percentage = 15.12; quotient = 498.25

It is procedural language: Gqlw: the year of creation = 1992; popularity percentage = 24.13; quotient = 498.00

It is procedural language: Ertw: the year of creation = 1992; popularity percentage = 38.77; quotient = 498.00

It is procedural language: Sntc: the year of creation = 1992; popularity percentage = 13.98; quotient = 498.00

It is procedural language: Fyvv: the year of creation = 1991; popularity percentage = 66.47; quotient = 497.75

It is procedural language: Izfr: the year of creation = 1990; popularity percentage = 83.03; quotient = 497.50

It is procedural language: Hjdt: the year of creation = 1990; popularity percentage = 7.48; quotient = 497.50

It is procedural language: Zgev: the year of creation = 1988; popularity percentage = 8.63; quotient = 497.00

It is procedural language: Ycgg: the year of creation = 1983; popularity percentage = 71.92; quotient = 495.75

It is procedural language: Rfcs: the year of creation = 1983; popularity percentage = 37.45; quotient = 495.75

It is procedural language: Cdru: the year of creation = 1977; popularity percentage = 16.44; quotient = 494.25

It is procedural language: Vmdy: the year of creation = 1976; popularity percentage = 29.11; quotient = 494.00

It is procedural language: Hrzm: the year of creation = 1976; popularity percentage = 76.08; quotient = 494.00

It is procedural language: Hwfr: the year of creation = 1974; popularity percentage = 10.40; quotient = 493.50

It is procedural language: Lhmw: the year of creation = 1971; popularity percentage = 14.83; quotient = 492.75

It is procedural language: Iyne: the year of creation = 1971; popularity percentage = 66.47; quotient = 492.75

It is procedural language: Phfd: the year of creation = 1970; popularity percentage = 8.25; quotient = 492.50

It is procedural language: Rmgv: the year of creation = 1969; popularity percentage = 66.35; quotient = 492.25

It is procedural language: Wsyo: the year of creation = 1968; popularity percentage = 92.71; quotient = 492.00

It is procedural language: Gakl: the year of creation = 1967; popularity percentage = 35.78; quotient = 491.75

It is procedural language: Jrgv: the year of creation = 1966; popularity percentage = 70.68; quotient = 491.50

It is procedural language: Cqsc: the year of creation = 1964; popularity percentage = 66.12; quotient = 491.00

It is procedural language: Lmqm: the year of creation = 1961; popularity percentage = 71.81; quotient = 490.25

It is procedural language: Qgue: the year of creation = 1960; popularity percentage = 83.67; quotient = 490.00

It is procedural language: Bifj: the year of creation = 1960; popularity percentage = 67.27; quotient = 490.00

It is procedural language: Xtdn: the year of creation = 1957; popularity percentage = 41.38; quotient = 489.25

It is procedural language: Ashb: the year of creation = 1955; popularity percentage = 47.14; quotient = 488.75

It is procedural language: Tqmo: the year of creation = 1954; popularity percentage = 35.04; quotient = 488.50

It is procedural language: Ugnh: the year of creation = 1952; popularity percentage = 33.16; quotient = 488.00

It is procedural language: Ghqr: the year of creation = 1950; popularity percentage = 40.93; quotient = 487.50

It is procedural language: Fimk: the year of creation = 1950; popularity percentage = 70.87; quotient = 487.50

It is procedural language: Hfdq: the year of creation = 1949; popularity percentage = 20.47; quotient = 487.25

It is procedural language: Xfia: the year of creation = 1949; popularity percentage = 60.76; quotient = 487.25

It is procedural language: Encb: the year of creation = 1948; popularity percentage = 29.64; quotient = 487.00

It is procedural language: Xoht: the year of creation = 1948; popularity percentage = 92.35; quotient = 487.00

It is procedural language: Dcqu: the year of creation = 1948; popularity percentage = 82.20; quotient = 487.00

It is procedural language: Jfju: the year of creation = 1948; popularity percentage = 88.06; quotient = 487.00

It is procedural language: Jlen: the year of creation = 1946; popularity percentage = 34.25; quotient = 486.50

It is procedural language: Galc: the year of creation = 1945; popularity percentage = 82.82; quotient = 486.25

It is procedural language: Bxod: the year of creation = 1945; popularity percentage = 66.14; quotient = 486.25

It is procedural language: Ekrt: the year of creation = 1943; popularity percentage = 92.88; quotient = 485.75

It is procedural language: Pfpf: the year of creation = 1942; popularity percentage = 3.90; quotient = 485.50

It is procedural language: Qnpv: the year of creation = 1941; popularity percentage = 32.45; quotient = 485.25

It is procedural language: Mqkl: the year of creation = 1940; popularity percentage = 70.07; quotient = 485.00

It is procedural language: Hgkss: the year of creation = 2020; popularity percentage = 77.36; quotient = 404.00

It is procedural language: Lnlph: the year of creation = 2020; popularity percentage = 22.72; quotient = 404.00

It is procedural language: Htlia: the year of creation = 2019; popularity percentage = 25.62; quotient = 403.80

It is procedural language: Nvrvl: the year of creation = 2018; popularity percentage = 84.21; quotient = 403.60

It is procedural language: Hqijp: the year of creation = 2017; popularity percentage = 56.51; quotient = 403.40

It is procedural language: Wayur: the year of creation = 2014; popularity percentage = 74.71; quotient = 402.80

It is procedural language: Wwagy: the year of creation = 2014; popularity percentage = 3.77; quotient = 402.80

It is procedural language: Aqxja: the year of creation = 2013; popularity percentage = 52.56; quotient = 402.60

It is procedural language: Ipcgx: the year of creation = 2010; popularity percentage = 10.70; quotient = 402.00

It is procedural language: Gjsaq: the year of creation = 2010; popularity percentage = 56.14; quotient = 402.00

It is procedural language: Leuas: the year of creation = 2007; popularity percentage = 18.89; quotient = 401.40

It is procedural language: Ipico: the year of creation = 2006; popularity percentage = 7.99; quotient = 401.20

It is procedural language: Allsa: the year of creation = 2006; popularity percentage = 19.10; quotient = 401.20

It is procedural language: Rfuak: the year of creation = 2005; popularity percentage = 51.23; quotient = 401.00

It is procedural language: Xcjdv: the year of creation = 2002; popularity percentage = 70.39; quotient = 400.40

It is procedural language: Fuskr: the year of creation = 2001; popularity percentage = 94.01; quotient = 400.20

It is procedural language: Eplsl: the year of creation = 1999; popularity percentage = 68.72; quotient = 399.80

It is procedural language: Zquvm: the year of creation = 1999; popularity percentage = 22.50; quotient = 399.80

It is procedural language: Tvpyq: the year of creation = 1996; popularity percentage = 34.53; quotient = 399.20

It is procedural language: Xopkj: the year of creation = 1996; popularity percentage = 4.45; quotient = 399.20

It is procedural language: Hkuka: the year of creation = 1994; popularity percentage = 10.10; quotient = 398.80

It is procedural language: Xpwkk: the year of creation = 1993; popularity percentage = 14.42; quotient = 398.60

It is procedural language: Cqslw: the year of creation = 1991; popularity percentage = 63.55; quotient = 398.20

It is procedural language: Obxpl: the year of creation = 1987; popularity percentage = 10.03; quotient = 397.40

It is procedural language: Nrizb: the year of creation = 1985; popularity percentage = 47.40; quotient = 397.00

It is procedural language: Oldlu: the year of creation = 1985; popularity percentage = 31.79; quotient = 397.00

It is procedural language: Qgsdi: the year of creation = 1982; popularity percentage = 16.65; quotient = 396.40

It is procedural language: Lyzjp: the year of creation = 1976; popularity percentage = 87.04; quotient = 395.20

It is procedural language: Awval: the year of creation = 1972; popularity percentage = 40.72; quotient = 394.40

It is procedural language: Yufms: the year of creation = 1971; popularity percentage = 0.09; quotient = 394.20

It is procedural language: Tkdes: the year of creation = 1971; popularity percentage = 94.64; quotient = 394.20

It is procedural language: Mgktj: the year of creation = 1970; popularity percentage = 40.38; quotient = 394.00

It is procedural language: Xykzk: the year of creation = 1970; popularity percentage = 7.33; quotient = 394.00

It is procedural language: Iftft: the year of creation = 1969; popularity percentage = 73.27; quotient = 393.80

It is procedural language: Sfgdj: the year of creation = 1967; popularity percentage = 71.55; quotient = 393.40

It is procedural language: Gtdia: the year of creation = 1965; popularity percentage = 29.39; quotient = 393.00

It is procedural language: Dqpdf: the year of creation = 1965; popularity percentage = 63.45; quotient = 393.00

It is procedural language: Fkorb: the year of creation = 1964; popularity percentage = 20.86; quotient = 392.80

It is procedural language: Xrtel: the year of creation = 1962; popularity percentage = 64.90; quotient = 392.40

It is procedural language: Vlabl: the year of creation = 1959; popularity percentage = 78.96; quotient = 391.80

It is procedural language: Jontl: the year of creation = 1959; popularity percentage = 23.30; quotient = 391.80

It is procedural language: Divjj: the year of creation = 1958; popularity percentage = 37.48; quotient = 391.60

It is procedural language: Wnxil: the year of creation = 1953; popularity percentage = 4.26; quotient = 390.60

It is procedural language: Tfatg: the year of creation = 1952; popularity percentage = 63.68; quotient = 390.40

It is procedural language: Zaama: the year of creation = 1951; popularity percentage = 5.24; quotient = 390.20

It is procedural language: Bxxlm: the year of creation = 1949; popularity percentage = 59.45; quotient = 389.80

It is procedural language: Pwdko: the year of creation = 1949; popularity percentage = 99.72; quotient = 389.80

It is procedural language: Zrpnw: the year of creation = 1948; popularity percentage = 39.66; quotient = 389.60

It is procedural language: Birct: the year of creation = 1947; popularity percentage = 15.77; quotient = 389.40

It is procedural language: Gyvbn: the year of creation = 1946; popularity percentage = 15.07; quotient = 389.20

It is procedural language: Osqoo: the year of creation = 1946; popularity percentage = 11.33; quotient = 389.20

It is procedural language: Ciybl: the year of creation = 1944; popularity percentage = 12.74; quotient = 388.80

It is procedural language: Tchxj: the year of creation = 1944; popularity percentage = 71.93; quotient = 388.80

It is procedural language: Ejyjb: the year of creation = 1944; popularity percentage = 34.26; quotient = 388.80

It is procedural language: Tbggs: the year of creation = 1943; popularity percentage = 17.49; quotient = 388.60

It is procedural language: Qskqi: the year of creation = 1943; popularity percentage = 67.88; quotient = 388.60

It is procedural language: Euwih: the year of creation = 1943; popularity percentage = 73.94; quotient = 388.60

It is procedural language: Lixgo: the year of creation = 1941; popularity percentage = 31.48; quotient = 388.20

It is procedural language: Yoixf: the year of creation = 1940; popularity percentage = 35.37; quotient = 388.00

It is procedural language: Mendcw: the year of creation = 2017; popularity percentage = 7.77; quotient = 336.17

It is procedural language: Tpnpsq: the year of creation = 2016; popularity percentage = 64.25; quotient = 336.00

It is procedural language: Tfkvat: the year of creation = 2014; popularity percentage = 69.63; quotient = 335.67

It is procedural language: Zsplgg: the year of creation = 2014; popularity percentage = 47.63; quotient = 335.67

It is procedural language: Usboeo: the year of creation = 2011; popularity percentage = 23.98; quotient = 335.17

It is procedural language: Cdjiic: the year of creation = 2011; popularity percentage = 36.43; quotient = 335.17

It is procedural language: Cwjfoa: the year of creation = 2008; popularity percentage = 41.90; quotient = 334.67

It is procedural language: Vlgnfe: the year of creation = 2007; popularity percentage = 28.90; quotient = 334.50

It is procedural language: Vbjfjp: the year of creation = 2007; popularity percentage = 68.76; quotient = 334.50

It is procedural language: Jiujey: the year of creation = 2006; popularity percentage = 71.47; quotient = 334.33

It is procedural language: Zrqpqa: the year of creation = 2006; popularity percentage = 37.08; quotient = 334.33

It is procedural language: Qoukcu: the year of creation = 2006; popularity percentage = 9.05; quotient = 334.33

It is procedural language: Fbdgor: the year of creation = 2005; popularity percentage = 81.14; quotient = 334.17

It is procedural language: Rtxuzb: the year of creation = 2003; popularity percentage = 97.24; quotient = 333.83

It is procedural language: Tokvdb: the year of creation = 2003; popularity percentage = 91.48; quotient = 333.83

It is procedural language: Dmfxln: the year of creation = 2003; popularity percentage = 30.97; quotient = 333.83

It is procedural language: Csyuwd: the year of creation = 2002; popularity percentage = 63.05; quotient = 333.67

It is procedural language: Ryxhdm: the year of creation = 2001; popularity percentage = 23.38; quotient = 333.50

It is procedural language: Wuspcv: the year of creation = 2001; popularity percentage = 26.80; quotient = 333.50

It is procedural language: Morbow: the year of creation = 1998; popularity percentage = 52.43; quotient = 333.00

It is procedural language: Qtebrt: the year of creation = 1997; popularity percentage = 73.05; quotient = 332.83

It is procedural language: Wgzfra: the year of creation = 1996; popularity percentage = 79.66; quotient = 332.67

It is procedural language: Llynkg: the year of creation = 1992; popularity percentage = 35.02; quotient = 332.00

It is procedural language: Gwpzov: the year of creation = 1988; popularity percentage = 31.98; quotient = 331.33

It is procedural language: Gfsocz: the year of creation = 1987; popularity percentage = 97.84; quotient = 331.17

It is procedural language: Krfyyv: the year of creation = 1980; popularity percentage = 80.71; quotient = 330.00

It is procedural language: Fvyqvr: the year of creation = 1979; popularity percentage = 10.23; quotient = 329.83

It is procedural language: Pklqhz: the year of creation = 1979; popularity percentage = 94.90; quotient = 329.83

It is procedural language: Ththfd: the year of creation = 1977; popularity percentage = 54.90; quotient = 329.50

It is procedural language: Octwbm: the year of creation = 1975; popularity percentage = 18.00; quotient = 329.17

It is procedural language: Nfpneg: the year of creation = 1975; popularity percentage = 76.82; quotient = 329.17

It is procedural language: Ednbot: the year of creation = 1974; popularity percentage = 81.49; quotient = 329.00

It is procedural language: Stnksf: the year of creation = 1974; popularity percentage = 93.12; quotient = 329.00

It is procedural language: Scddus: the year of creation = 1972; popularity percentage = 53.84; quotient = 328.67

It is procedural language: Zrmkbr: the year of creation = 1972; popularity percentage = 57.03; quotient = 328.67

It is procedural language: Jriapu: the year of creation = 1972; popularity percentage = 38.05; quotient = 328.67

It is procedural language: Bjvwuj: the year of creation = 1971; popularity percentage = 93.35; quotient = 328.50

It is procedural language: Pmvizk: the year of creation = 1971; popularity percentage = 3.71; quotient = 328.50

It is procedural language: Fctkpb: the year of creation = 1969; popularity percentage = 41.25; quotient = 328.17

It is procedural language: Bympia: the year of creation = 1966; popularity percentage = 99.61; quotient = 327.67

It is procedural language: Djepyf: the year of creation = 1963; popularity percentage = 62.97; quotient = 327.17

It is procedural language: Yjpktx: the year of creation = 1961; popularity percentage = 22.37; quotient = 326.83

It is procedural language: Unijjx: the year of creation = 1961; popularity percentage = 75.50; quotient = 326.83

It is procedural language: Xdzama: the year of creation = 1961; popularity percentage = 35.87; quotient = 326.83

It is procedural language: Hreguk: the year of creation = 1958; popularity percentage = 22.29; quotient = 326.33

It is procedural language: Jxpizd: the year of creation = 1957; popularity percentage = 80.91; quotient = 326.17

It is procedural language: Bqhcsg: the year of creation = 1954; popularity percentage = 55.08; quotient = 325.67

It is procedural language: Vtdfmi: the year of creation = 1953; popularity percentage = 22.22; quotient = 325.50

It is procedural language: Tzqqpt: the year of creation = 1951; popularity percentage = 1.08; quotient = 325.17

It is procedural language: Xhjiqo: the year of creation = 1951; popularity percentage = 93.40; quotient = 325.17

It is procedural language: Httnhv: the year of creation = 1948; popularity percentage = 51.77; quotient = 324.67

It is procedural language: Mastyk: the year of creation = 1947; popularity percentage = 75.90; quotient = 324.50

It is procedural language: Mjaxhj: the year of creation = 1946; popularity percentage = 63.47; quotient = 324.33

It is procedural language: Bqjbxa: the year of creation = 1943; popularity percentage = 22.22; quotient = 323.83

It is procedural language: Cwlrdz: the year of creation = 1943; popularity percentage = 45.22; quotient = 323.83

It is procedural language: Ubeetp: the year of creation = 1942; popularity percentage = 50.10; quotient = 323.67

It is procedural language: Bmnmcy: the year of creation = 1941; popularity percentage = 49.19; quotient = 323.50

It is procedural language: Vritnn: the year of creation = 1940; popularity percentage = 21.40; quotient = 323.33

It is procedural language: Cgncvxu: the year of creation = 2020; popularity percentage = 28.94; quotient = 288.57

It is procedural language: Kpeapdc: the year of creation = 2019; popularity percentage = 67.00; quotient = 288.43

It is procedural language: Vgrnktr: the year of creation = 2018; popularity percentage = 29.48; quotient = 288.29

It is procedural language: Sbqjuan: the year of creation = 2017; popularity percentage = 75.86; quotient = 288.14

It is procedural language: Dgnffqj: the year of creation = 2017; popularity percentage = 84.86; quotient = 288.14

It is procedural language: Snkpuvp: the year of creation = 2015; popularity percentage = 77.82; quotient = 287.86

It is procedural language: Xqkqfnf: the year of creation = 2011; popularity percentage = 7.47; quotient = 287.29

It is procedural language: Tahqihy: the year of creation = 2011; popularity percentage = 86.65; quotient = 287.29

It is procedural language: Njooquh: the year of creation = 2011; popularity percentage = 68.81; quotient = 287.29

It is procedural language: Zahgmrz: the year of creation = 2010; popularity percentage = 4.37; quotient = 287.14

It is procedural language: Jqzmjwt: the year of creation = 2010; popularity percentage = 68.38; quotient = 287.14

It is procedural language: Ymqosco: the year of creation = 2009; popularity percentage = 55.99; quotient = 287.00

It is procedural language: Sdmasjm: the year of creation = 2009; popularity percentage = 90.11; quotient = 287.00

It is procedural language: Sdqyoap: the year of creation = 2007; popularity percentage = 2.33; quotient = 286.71

It is procedural language: Ujckcjz: the year of creation = 2006; popularity percentage = 63.77; quotient = 286.57

It is procedural language: Vetrpin: the year of creation = 2005; popularity percentage = 64.19; quotient = 286.43

It is procedural language: Esqkkmk: the year of creation = 2002; popularity percentage = 94.21; quotient = 286.00

It is procedural language: Lczdtji: the year of creation = 2002; popularity percentage = 45.26; quotient = 286.00

It is procedural language: Mhathfd: the year of creation = 2001; popularity percentage = 1.56; quotient = 285.86

It is procedural language: Cfktqnz: the year of creation = 1998; popularity percentage = 98.82; quotient = 285.43

It is procedural language: Rvfegzi: the year of creation = 1997; popularity percentage = 57.18; quotient = 285.29

It is procedural language: Utfkwip: the year of creation = 1996; popularity percentage = 40.35; quotient = 285.14

It is procedural language: Zievqls: the year of creation = 1996; popularity percentage = 56.50; quotient = 285.14

It is procedural language: Ioxujfo: the year of creation = 1995; popularity percentage = 96.76; quotient = 285.00

It is procedural language: Uvdjgbv: the year of creation = 1995; popularity percentage = 80.69; quotient = 285.00

It is procedural language: Jqmhkxd: the year of creation = 1994; popularity percentage = 71.60; quotient = 284.86

It is procedural language: Tnefpgc: the year of creation = 1994; popularity percentage = 79.68; quotient = 284.86

It is procedural language: Smauqeh: the year of creation = 1993; popularity percentage = 21.31; quotient = 284.71

It is procedural language: Ctswrnu: the year of creation = 1992; popularity percentage = 23.21; quotient = 284.57

It is procedural language: Kwunvcf: the year of creation = 1991; popularity percentage = 61.72; quotient = 284.43

It is procedural language: Rdfclzt: the year of creation = 1990; popularity percentage = 9.52; quotient = 284.29

It is procedural language: Nagilfz: the year of creation = 1990; popularity percentage = 91.14; quotient = 284.29

It is procedural language: Msxkpwt: the year of creation = 1988; popularity percentage = 72.34; quotient = 284.00

It is procedural language: Khxwhlc: the year of creation = 1986; popularity percentage = 96.04; quotient = 283.71

It is procedural language: Ohenqlq: the year of creation = 1985; popularity percentage = 54.82; quotient = 283.57

It is procedural language: Xbdjjkl: the year of creation = 1985; popularity percentage = 83.33; quotient = 283.57

It is procedural language: Cmwsege: the year of creation = 1984; popularity percentage = 43.80; quotient = 283.43

It is procedural language: Dgzagod: the year of creation = 1984; popularity percentage = 76.19; quotient = 283.43

It is procedural language: Pzsfqxz: the year of creation = 1983; popularity percentage = 96.28; quotient = 283.29

It is procedural language: Hoybihr: the year of creation = 1982; popularity percentage = 91.81; quotient = 283.14

It is procedural language: Xhbxiaf: the year of creation = 1982; popularity percentage = 58.16; quotient = 283.14

It is procedural language: Exoskjf: the year of creation = 1981; popularity percentage = 98.94; quotient = 283.00

It is procedural language: Dnsikhh: the year of creation = 1980; popularity percentage = 74.73; quotient = 282.86

It is procedural language: Guollmx: the year of creation = 1978; popularity percentage = 67.88; quotient = 282.57

It is procedural language: Tmfyudm: the year of creation = 1975; popularity percentage = 48.19; quotient = 282.14

It is procedural language: Zumhdti: the year of creation = 1974; popularity percentage = 53.06; quotient = 282.00

It is procedural language: Eotlzvt: the year of creation = 1974; popularity percentage = 66.15; quotient = 282.00

It is procedural language: Jofrfri: the year of creation = 1972; popularity percentage = 93.17; quotient = 281.71

It is procedural language: Brmpmqw: the year of creation = 1971; popularity percentage = 16.77; quotient = 281.57

It is procedural language: Plmjmae: the year of creation = 1970; popularity percentage = 38.32; quotient = 281.43

It is procedural language: Krqzcyx: the year of creation = 1970; popularity percentage = 97.79; quotient = 281.43

It is procedural language: Uzzcndj: the year of creation = 1969; popularity percentage = 97.39; quotient = 281.29

It is procedural language: Jrkplne: the year of creation = 1966; popularity percentage = 48.02; quotient = 280.86

It is procedural language: Svtscrm: the year of creation = 1965; popularity percentage = 75.78; quotient = 280.71

It is procedural language: Frvvozi: the year of creation = 1963; popularity percentage = 86.84; quotient = 280.43

It is procedural language: Vagkgcf: the year of creation = 1963; popularity percentage = 2.78; quotient = 280.43

It is procedural language: Oxkebhr: the year of creation = 1960; popularity percentage = 68.45; quotient = 280.00

It is procedural language: Irogizp: the year of creation = 1958; popularity percentage = 67.67; quotient = 279.71

It is procedural language: Ayvkbfm: the year of creation = 1958; popularity percentage = 29.39; quotient = 279.71

It is procedural language: Tbjyfdb: the year of creation = 1958; popularity percentage = 7.19; quotient = 279.71

It is procedural language: Ieoftxf: the year of creation = 1955; popularity percentage = 25.95; quotient = 279.29

It is procedural language: Gdyibvt: the year of creation = 1954; popularity percentage = 95.48; quotient = 279.14

It is procedural language: Xxzdfgk: the year of creation = 1954; popularity percentage = 34.91; quotient = 279.14

It is procedural language: Ojmbdvi: the year of creation = 1952; popularity percentage = 58.67; quotient = 278.86

It is procedural language: Tsjpzha: the year of creation = 1951; popularity percentage = 34.88; quotient = 278.71

It is procedural language: Ystlkcf: the year of creation = 1951; popularity percentage = 7.63; quotient = 278.71

It is procedural language: Lnddlvg: the year of creation = 1951; popularity percentage = 79.50; quotient = 278.71

It is procedural language: Kyvntka: the year of creation = 1951; popularity percentage = 74.36; quotient = 278.71

It is procedural language: Rzmfpoz: the year of creation = 1949; popularity percentage = 40.87; quotient = 278.43

It is procedural language: Nssvego: the year of creation = 1949; popularity percentage = 35.48; quotient = 278.43

It is procedural language: Aylguuf: the year of creation = 1949; popularity percentage = 68.71; quotient = 278.43

It is procedural language: Ehxteum: the year of creation = 1949; popularity percentage = 23.00; quotient = 278.43

It is procedural language: Gcrfukw: the year of creation = 1949; popularity percentage = 47.44; quotient = 278.43

It is procedural language: Iavzzzd: the year of creation = 1948; popularity percentage = 87.31; quotient = 278.29

It is procedural language: Xxvpwlp: the year of creation = 1947; popularity percentage = 54.57; quotient = 278.14

It is procedural language: Xwajscq: the year of creation = 1947; popularity percentage = 54.68; quotient = 278.14

It is procedural language: Fcbpygy: the year of creation = 1946; popularity percentage = 1.03; quotient = 278.00

It is procedural language: Cxgqojh: the year of creation = 1944; popularity percentage = 8.85; quotient = 277.71

It is procedural language: Rfgxlyo: the year of creation = 1944; popularity percentage = 86.71; quotient = 277.71

It is procedural language: Dzpymwp: the year of creation = 1941; popularity percentage = 18.21; quotient = 277.29

It is procedural language: Dfvocjk: the year of creation = 1940; popularity percentage = 57.41; quotient = 277.14

It is procedural language: Lsxuopir: the year of creation = 2020; popularity percentage = 65.37; quotient = 252.50

It is procedural language: Pxnoegda: the year of creation = 2018; popularity percentage = 0.60; quotient = 252.25

It is procedural language: Plqpwxxy: the year of creation = 2018; popularity percentage = 32.73; quotient = 252.25

It is procedural language: Mebjpzyb: the year of creation = 2018; popularity percentage = 25.06; quotient = 252.25

It is procedural language: Emamfjxc: the year of creation = 2017; popularity percentage = 33.99; quotient = 252.12

It is procedural language: Qvszwyey: the year of creation = 2017; popularity percentage = 90.57; quotient = 252.12

It is procedural language: Ldnmcrvo: the year of creation = 2016; popularity percentage = 96.25; quotient = 252.00

It is procedural language: Vltkyiqr: the year of creation = 2014; popularity percentage = 72.01; quotient = 251.75

It is procedural language: Zkcuazjl: the year of creation = 2008; popularity percentage = 64.31; quotient = 251.00

It is procedural language: Fwjrwfsb: the year of creation = 2007; popularity percentage = 21.39; quotient = 250.88

It is procedural language: Idlunlsn: the year of creation = 2006; popularity percentage = 47.01; quotient = 250.75

It is procedural language: Wffwujyx: the year of creation = 2005; popularity percentage = 37.45; quotient = 250.62

It is procedural language: Scmavpyi: the year of creation = 2003; popularity percentage = 3.74; quotient = 250.38

It is procedural language: Kscsiutq: the year of creation = 2003; popularity percentage = 98.82; quotient = 250.38

It is procedural language: Rlinbyuf: the year of creation = 2002; popularity percentage = 92.07; quotient = 250.25

It is procedural language: Fmqoketf: the year of creation = 2001; popularity percentage = 52.41; quotient = 250.12

It is procedural language: Etdmxdvx: the year of creation = 1999; popularity percentage = 66.85; quotient = 249.88

It is procedural language: Nraorlxd: the year of creation = 1999; popularity percentage = 22.62; quotient = 249.88

It is procedural language: Asrcyxlq: the year of creation = 1998; popularity percentage = 9.83; quotient = 249.75

It is procedural language: Vuxbdtax: the year of creation = 1997; popularity percentage = 43.02; quotient = 249.62

It is procedural language: Trggyzkt: the year of creation = 1995; popularity percentage = 11.20; quotient = 249.38

It is procedural language: Soqzbsqe: the year of creation = 1994; popularity percentage = 37.12; quotient = 249.25

It is procedural language: Shhhlgkj: the year of creation = 1992; popularity percentage = 1.95; quotient = 249.00

It is procedural language: Euykyyil: the year of creation = 1991; popularity percentage = 3.87; quotient = 248.88

It is procedural language: Gltzeuzn: the year of creation = 1991; popularity percentage = 36.53; quotient = 248.88

It is procedural language: Vnixuwhn: the year of creation = 1991; popularity percentage = 76.51; quotient = 248.88

It is procedural language: Aaurobzu: the year of creation = 1988; popularity percentage = 12.60; quotient = 248.50

It is procedural language: Idkdogod: the year of creation = 1987; popularity percentage = 55.49; quotient = 248.38

It is procedural language: Ewjoivhd: the year of creation = 1984; popularity percentage = 11.72; quotient = 248.00

It is procedural language: Rhztxveb: the year of creation = 1984; popularity percentage = 2.89; quotient = 248.00

It is procedural language: Ngvwhkjg: the year of creation = 1983; popularity percentage = 65.36; quotient = 247.88

It is procedural language: Pdvnafbn: the year of creation = 1979; popularity percentage = 55.18; quotient = 247.38

It is procedural language: Fvuroxzz: the year of creation = 1978; popularity percentage = 20.97; quotient = 247.25

It is procedural language: Bylvhxcn: the year of creation = 1978; popularity percentage = 73.15; quotient = 247.25

It is procedural language: Lbnrscwv: the year of creation = 1978; popularity percentage = 92.93; quotient = 247.25

It is procedural language: Dbsebjki: the year of creation = 1976; popularity percentage = 1.03; quotient = 247.00

It is procedural language: Slrssehe: the year of creation = 1976; popularity percentage = 99.36; quotient = 247.00

It is procedural language: Tpxvpeqf: the year of creation = 1976; popularity percentage = 11.13; quotient = 247.00

It is procedural language: Hbfymzdr: the year of creation = 1976; popularity percentage = 74.75; quotient = 247.00

It is procedural language: Stwupmfw: the year of creation = 1976; popularity percentage = 61.03; quotient = 247.00

It is procedural language: Wngtevms: the year of creation = 1974; popularity percentage = 34.52; quotient = 246.75

It is procedural language: Grmmpzbm: the year of creation = 1974; popularity percentage = 25.16; quotient = 246.75

It is procedural language: Vowmudag: the year of creation = 1974; popularity percentage = 2.21; quotient = 246.75

It is procedural language: Izgrmblf: the year of creation = 1971; popularity percentage = 8.32; quotient = 246.38

It is procedural language: Iihjnlge: the year of creation = 1970; popularity percentage = 8.87; quotient = 246.25

It is procedural language: Dldvwczm: the year of creation = 1970; popularity percentage = 74.54; quotient = 246.25

It is procedural language: Njoqzzsi: the year of creation = 1968; popularity percentage = 74.02; quotient = 246.00

It is procedural language: Kslswegs: the year of creation = 1968; popularity percentage = 95.57; quotient = 246.00

It is procedural language: Ixddfppo: the year of creation = 1968; popularity percentage = 40.48; quotient = 246.00

It is procedural language: Vekesbzg: the year of creation = 1966; popularity percentage = 12.75; quotient = 245.75

It is procedural language: Wmcqzyfr: the year of creation = 1960; popularity percentage = 93.01; quotient = 245.00

It is procedural language: Dqntpqyw: the year of creation = 1960; popularity percentage = 98.59; quotient = 245.00

It is procedural language: Dmrlbtqv: the year of creation = 1956; popularity percentage = 3.30; quotient = 244.50

It is procedural language: Cdmmmokv: the year of creation = 1954; popularity percentage = 47.99; quotient = 244.25

It is procedural language: Hrsdzlnc: the year of creation = 1954; popularity percentage = 83.32; quotient = 244.25

It is procedural language: Ygdisvxi: the year of creation = 1953; popularity percentage = 37.64; quotient = 244.12

It is procedural language: Pkkqwnxi: the year of creation = 1953; popularity percentage = 57.57; quotient = 244.12

It is procedural language: Fmthqqlv: the year of creation = 1952; popularity percentage = 11.02; quotient = 244.00

It is procedural language: Efnpofcn: the year of creation = 1948; popularity percentage = 60.88; quotient = 243.50

It is procedural language: Nwzkzzje: the year of creation = 1947; popularity percentage = 41.16; quotient = 243.38

It is procedural language: Oqarfgic: the year of creation = 1945; popularity percentage = 1.70; quotient = 243.12

It is procedural language: Fvktlssp: the year of creation = 1943; popularity percentage = 34.88; quotient = 242.88

It is procedural language: Kbvstqoa: the year of creation = 1940; popularity percentage = 14.40; quotient = 242.50

It is procedural language: Salzjkdri: the year of creation = 2019; popularity percentage = 28.11; quotient = 224.33

It is procedural language: Ullgavdgh: the year of creation = 2019; popularity percentage = 18.80; quotient = 224.33

It is procedural language: Mtnorheux: the year of creation = 2018; popularity percentage = 75.15; quotient = 224.22

It is procedural language: Nrtjjekdb: the year of creation = 2018; popularity percentage = 34.61; quotient = 224.22

It is procedural language: Akwgvyuec: the year of creation = 2017; popularity percentage = 0.56; quotient = 224.11

It is procedural language: Xzcqwzjcn: the year of creation = 2016; popularity percentage = 70.70; quotient = 224.00

It is procedural language: Kghfnoodz: the year of creation = 2016; popularity percentage = 17.77; quotient = 224.00

It is procedural language: Sxmaifvbm: the year of creation = 2015; popularity percentage = 47.47; quotient = 223.89

It is procedural language: Xnusalwgt: the year of creation = 2014; popularity percentage = 36.04; quotient = 223.78

It is procedural language: Yudbjwxlf: the year of creation = 2010; popularity percentage = 38.98; quotient = 223.33

It is procedural language: Tkdqjjrob: the year of creation = 2009; popularity percentage = 1.50; quotient = 223.22

It is procedural language: Oxekqigmz: the year of creation = 2005; popularity percentage = 23.81; quotient = 222.78

It is procedural language: Ustrovryn: the year of creation = 2002; popularity percentage = 73.58; quotient = 222.44

It is procedural language: Qpezyvlnu: the year of creation = 2001; popularity percentage = 52.84; quotient = 222.33

It is procedural language: Ylmjkfsoq: the year of creation = 1998; popularity percentage = 74.78; quotient = 222.00

It is procedural language: Xquxheelw: the year of creation = 1998; popularity percentage = 26.83; quotient = 222.00

It is procedural language: Hxcarsqgs: the year of creation = 1997; popularity percentage = 28.42; quotient = 221.89

It is procedural language: Gflaohyrk: the year of creation = 1994; popularity percentage = 29.29; quotient = 221.56

It is procedural language: Kkqutkxhe: the year of creation = 1987; popularity percentage = 90.99; quotient = 220.78

It is procedural language: Ymakhqiku: the year of creation = 1986; popularity percentage = 30.75; quotient = 220.67

It is procedural language: Xvigxwyvo: the year of creation = 1983; popularity percentage = 19.60; quotient = 220.33

It is procedural language: Yidkclqpx: the year of creation = 1980; popularity percentage = 69.32; quotient = 220.00

It is procedural language: Tcedvsmzc: the year of creation = 1979; popularity percentage = 64.19; quotient = 219.89

It is procedural language: Ikvmfajnb: the year of creation = 1979; popularity percentage = 86.82; quotient = 219.89

It is procedural language: Hhlyolyhq: the year of creation = 1978; popularity percentage = 83.37; quotient = 219.78

It is procedural language: Rowymrgfv: the year of creation = 1978; popularity percentage = 45.83; quotient = 219.78

It is procedural language: Qztrbefav: the year of creation = 1976; popularity percentage = 20.63; quotient = 219.56

It is procedural language: Reibjkfyn: the year of creation = 1976; popularity percentage = 80.83; quotient = 219.56

It is procedural language: Vdkuafpom: the year of creation = 1975; popularity percentage = 87.66; quotient = 219.44

It is procedural language: Nchwjjfbc: the year of creation = 1974; popularity percentage = 55.82; quotient = 219.33

It is procedural language: Zgynsahyu: the year of creation = 1974; popularity percentage = 2.28; quotient = 219.33

It is procedural language: Pqedlodyz: the year of creation = 1973; popularity percentage = 48.29; quotient = 219.22

It is procedural language: Lqntarbga: the year of creation = 1971; popularity percentage = 60.75; quotient = 219.00

It is procedural language: Fgliyfljc: the year of creation = 1971; popularity percentage = 89.98; quotient = 219.00

It is procedural language: Hpmaaosxa: the year of creation = 1970; popularity percentage = 83.77; quotient = 218.89

It is procedural language: Rathluqfj: the year of creation = 1969; popularity percentage = 96.02; quotient = 218.78

It is procedural language: Ouzxffhzw: the year of creation = 1967; popularity percentage = 54.85; quotient = 218.56

It is procedural language: Firsvhqrt: the year of creation = 1967; popularity percentage = 62.70; quotient = 218.56

It is procedural language: Xmfdvnopa: the year of creation = 1966; popularity percentage = 75.19; quotient = 218.44

It is procedural language: Plwmdjfwh: the year of creation = 1963; popularity percentage = 61.16; quotient = 218.11

It is procedural language: Hgdbakvpd: the year of creation = 1963; popularity percentage = 10.48; quotient = 218.11

It is procedural language: Cvmwstwmu: the year of creation = 1962; popularity percentage = 52.87; quotient = 218.00

It is procedural language: Uwtizfjsr: the year of creation = 1961; popularity percentage = 13.40; quotient = 217.89

It is procedural language: Kkigyfsry: the year of creation = 1959; popularity percentage = 63.73; quotient = 217.67

It is procedural language: Hrvuxjmal: the year of creation = 1957; popularity percentage = 85.94; quotient = 217.44

It is procedural language: Zeqgzbvlq: the year of creation = 1957; popularity percentage = 9.23; quotient = 217.44

It is procedural language: Ayeqbnwnv: the year of creation = 1956; popularity percentage = 10.80; quotient = 217.33

It is procedural language: Gicccfsgt: the year of creation = 1952; popularity percentage = 92.59; quotient = 216.89

It is procedural language: Dusulimcb: the year of creation = 1951; popularity percentage = 59.09; quotient = 216.78

It is procedural language: Mtlrdwykn: the year of creation = 1947; popularity percentage = 16.20; quotient = 216.33

It is procedural language: Peiiwzzap: the year of creation = 1947; popularity percentage = 59.87; quotient = 216.33

It is procedural language: Bnhrsmwiw: the year of creation = 1944; popularity percentage = 94.00; quotient = 216.00

It is procedural language: Eplygtlnm: the year of creation = 1943; popularity percentage = 95.67; quotient = 215.89

It is procedural language: Zuktivkfz: the year of creation = 1941; popularity percentage = 73.15; quotient = 215.67

It is procedural language: Gujsfumpks: the year of creation = 2020; popularity percentage = 86.27; quotient = 202.00

It is procedural language: Dmnyrudwkh: the year of creation = 2020; popularity percentage = 35.56; quotient = 202.00

It is procedural language: Efivawoudx: the year of creation = 2020; popularity percentage = 43.24; quotient = 202.00

It is procedural language: Czxepxqqzq: the year of creation = 2019; popularity percentage = 76.40; quotient = 201.90

It is procedural language: Iikkpcomgz: the year of creation = 2018; popularity percentage = 36.22; quotient = 201.80

It is procedural language: Vcrbedbtzb: the year of creation = 2018; popularity percentage = 63.44; quotient = 201.80

It is procedural language: Atpvdsvofl: the year of creation = 2017; popularity percentage = 29.67; quotient = 201.70

It is procedural language: Jzisbvhlct: the year of creation = 2014; popularity percentage = 5.68; quotient = 201.40

It is procedural language: Zfappcwerd: the year of creation = 2011; popularity percentage = 66.30; quotient = 201.10

It is procedural language: Vqrwifwsft: the year of creation = 2009; popularity percentage = 83.36; quotient = 200.90

It is procedural language: Caofnpsnws: the year of creation = 2006; popularity percentage = 74.08; quotient = 200.60

It is procedural language: Mdtiyouqgn: the year of creation = 2004; popularity percentage = 25.49; quotient = 200.40

It is procedural language: Mmhabywcje: the year of creation = 2003; popularity percentage = 71.56; quotient = 200.30

It is procedural language: Wluiwgtjfs: the year of creation = 2003; popularity percentage = 86.97; quotient = 200.30

It is procedural language: Pepmiwrywt: the year of creation = 2001; popularity percentage = 72.96; quotient = 200.10

It is procedural language: Gauelgkkey: the year of creation = 2001; popularity percentage = 29.72; quotient = 200.10

It is procedural language: Yzakvicdzy: the year of creation = 2000; popularity percentage = 44.71; quotient = 200.00

It is procedural language: Wzebneebnm: the year of creation = 1997; popularity percentage = 76.57; quotient = 199.70

It is procedural language: Egvvlhsrkx: the year of creation = 1995; popularity percentage = 61.55; quotient = 199.50

It is procedural language: Ojqhsnkdlo: the year of creation = 1993; popularity percentage = 19.41; quotient = 199.30

It is procedural language: Jncseoagwi: the year of creation = 1991; popularity percentage = 1.97; quotient = 199.10

It is procedural language: Ukoydiazmv: the year of creation = 1991; popularity percentage = 57.33; quotient = 199.10

It is procedural language: Rrepwmeinn: the year of creation = 1990; popularity percentage = 52.17; quotient = 199.00

It is procedural language: Athpcrrryp: the year of creation = 1989; popularity percentage = 58.99; quotient = 198.90

It is procedural language: Khjeekefqz: the year of creation = 1989; popularity percentage = 98.08; quotient = 198.90

It is procedural language: Xtygfxxett: the year of creation = 1988; popularity percentage = 77.21; quotient = 198.80

It is procedural language: Xuqbmbabrl: the year of creation = 1987; popularity percentage = 63.10; quotient = 198.70

It is procedural language: Ftxqipezva: the year of creation = 1983; popularity percentage = 68.96; quotient = 198.30

It is procedural language: Bemzpdncyx: the year of creation = 1980; popularity percentage = 38.73; quotient = 198.00

It is procedural language: Wydulwsuxb: the year of creation = 1979; popularity percentage = 21.46; quotient = 197.90

It is procedural language: Jlyboyeerc: the year of creation = 1977; popularity percentage = 24.41; quotient = 197.70

It is procedural language: Nxsgxxznlx: the year of creation = 1977; popularity percentage = 26.63; quotient = 197.70

It is procedural language: Unbpcnpjtf: the year of creation = 1975; popularity percentage = 47.62; quotient = 197.50

It is procedural language: Goyabkgwbs: the year of creation = 1975; popularity percentage = 8.99; quotient = 197.50

It is procedural language: Rxtvvuxcxt: the year of creation = 1975; popularity percentage = 74.37; quotient = 197.50

It is procedural language: Yzzgdsgheg: the year of creation = 1972; popularity percentage = 96.33; quotient = 197.20

It is procedural language: Zwtqjsejhf: the year of creation = 1972; popularity percentage = 28.62; quotient = 197.20

It is procedural language: Nktlzrjsbd: the year of creation = 1969; popularity percentage = 7.76; quotient = 196.90

It is procedural language: Xkeqkvonef: the year of creation = 1967; popularity percentage = 21.47; quotient = 196.70

It is procedural language: Uxcaiisqmv: the year of creation = 1966; popularity percentage = 26.45; quotient = 196.60

It is procedural language: Kbtoptqhcv: the year of creation = 1966; popularity percentage = 54.83; quotient = 196.60

It is procedural language: Rznfvrtmui: the year of creation = 1961; popularity percentage = 49.57; quotient = 196.10

It is procedural language: Jgwaxvtbxn: the year of creation = 1961; popularity percentage = 99.84; quotient = 196.10

It is procedural language: Iacirwloti: the year of creation = 1961; popularity percentage = 81.64; quotient = 196.10

It is procedural language: Lwqlwkuchi: the year of creation = 1959; popularity percentage = 72.97; quotient = 195.90

It is procedural language: Emvflvcgnt: the year of creation = 1954; popularity percentage = 71.30; quotient = 195.40

It is procedural language: Uifjhljclt: the year of creation = 1952; popularity percentage = 86.68; quotient = 195.20

It is procedural language: Bectuimfbs: the year of creation = 1950; popularity percentage = 38.90; quotient = 195.00

It is procedural language: Wouncdirsy: the year of creation = 1950; popularity percentage = 78.89; quotient = 195.00

It is procedural language: Briybultef: the year of creation = 1949; popularity percentage = 2.90; quotient = 194.90

It is procedural language: Nhypmqcklp: the year of creation = 1948; popularity percentage = 49.82; quotient = 194.80

It is procedural language: Cvopxskvso: the year of creation = 1947; popularity percentage = 9.66; quotient = 194.70

It is procedural language: Vtmmnmoqkm: the year of creation = 1946; popularity percentage = 39.62; quotient = 194.60

It is procedural language: Kmlwwtlmjd: the year of creation = 1946; popularity percentage = 45.73; quotient = 194.60

It is procedural language: Mjccvwdlxm: the year of creation = 1945; popularity percentage = 79.04; quotient = 194.50

It is procedural language: Ytogrgqqpp: the year of creation = 1944; popularity percentage = 3.21; quotient = 194.40

It is procedural language: Pghtjgkrls: the year of creation = 1944; popularity percentage = 96.58; quotient = 194.40

It is procedural language: Yjjbxwplvc: the year of creation = 1943; popularity percentage = 2.07; quotient = 194.30

It is procedural language: Kgdndpklkm: the year of creation = 1943; popularity percentage = 17.32; quotient = 194.30

It is procedural language: Dvbwsawnpe: the year of creation = 1942; popularity percentage = 66.11; quotient = 194.20

It is procedural language: Itmuifcgek: the year of creation = 1942; popularity percentage = 98.43; quotient = 194.20

It is procedural language: Rmckjfpivq: the year of creation = 1941; popularity percentage = 87.45; quotient = 194.10

It is procedural language: Rimemaarkd: the year of creation = 1941; popularity percentage = 16.55; quotient = 194.10

